<?xml version="1.0" encoding="UTF-8"?>
<!-- Generated by org.testng.reporters.JUnitReportReporter -->
<testsuite hostname="home-laptop" failures="0" tests="4" name="api.testcases.StoreTests" time="4.566" errors="0" timestamp="2023-05-02T16:25:02 IST" skipped="0">
  <testcase classname="api.testcases.StoreTests" name="Test_addUser" time="1.106"/>
  <system-out/>
  <testcase classname="api.testcases.StoreTests" name="Test_getPetOrder" time="1.112"/>
  <system-out/>
  <testcase classname="api.testcases.StoreTests" name="Test_deleteOrder" time="1.182"/>
  <system-out/>
  <testcase classname="api.testcases.StoreTests" name="Test_getPetInventory" time="1.166"/>
  <system-out/>
</testsuite> <!-- api.testcases.StoreTests -->
