<?xml version="1.0" encoding="UTF-8"?>
<!-- Generated by org.testng.reporters.JUnitReportReporter -->
<testsuite hostname="home-laptop" failures="0" tests="4" name="api.testcases.UserTests" time="8.407" errors="0" timestamp="2023-04-30T23:52:56 IST" skipped="0">
  <testcase classname="api.testcases.UserTests" name="Test_addUser" time="4.445"/>
  <system-out/>
  <testcase classname="api.testcases.UserTests" name="Test_getUser" time="1.356"/>
  <system-out/>
  <testcase classname="api.testcases.UserTests" name="Test_updateUser" time="1.274"/>
  <system-out/>
  <testcase classname="api.testcases.UserTests" name="Test_deleteUser" time="1.332"/>
  <system-out/>
</testsuite> <!-- api.testcases.UserTests -->
