<?xml version="1.0" encoding="UTF-8"?>
<!-- Generated by org.testng.reporters.JUnitReportReporter -->
<testsuite hostname="home-laptop" failures="0" tests="4" name="api.testcases.UserTests" time="7.823" errors="0" timestamp="2023-04-30T23:57:25 IST" skipped="0">
  <testcase classname="api.testcases.UserTests" name="Test_addUser" time="4.444"/>
  <system-out/>
  <testcase classname="api.testcases.UserTests" name="Test_getUser" time="1.108"/>
  <system-out/>
  <testcase classname="api.testcases.UserTests" name="Test_updateUser" time="1.138"/>
  <system-out/>
  <testcase classname="api.testcases.UserTests" name="Test_deleteUser" time="1.133"/>
  <system-out/>
</testsuite> <!-- api.testcases.UserTests -->
