<?xml version="1.0" encoding="UTF-8"?>
<!-- Generated by org.testng.reporters.JUnitReportReporter -->
<testsuite hostname="home-laptop" failures="0" tests="4" name="api.testcases.StoreTests" time="5.090" errors="0" timestamp="2023-05-02T18:26:26 IST" skipped="0">
  <testcase classname="api.testcases.StoreTests" name="Test_OrderPet" time="1.281"/>
  <system-out/>
  <testcase classname="api.testcases.StoreTests" name="Test_getPetOrder" time="1.286"/>
  <system-out/>
  <testcase classname="api.testcases.StoreTests" name="Test_deleteOrder" time="1.262"/>
  <system-out/>
  <testcase classname="api.testcases.StoreTests" name="Test_getPetInventory" time="1.261"/>
  <system-out/>
</testsuite> <!-- api.testcases.StoreTests -->
