<?xml version="1.0" encoding="UTF-8"?>
<!-- Generated by org.testng.reporters.JUnitReportReporter -->
<testsuite hostname="home-laptop" failures="0" tests="4" name="api.testcases.UserTests" time="8.808" errors="0" timestamp="2023-05-02T18:26:26 IST" skipped="0">
  <testcase classname="api.testcases.UserTests" name="Test_addUser" time="4.816"/>
  <system-out/>
  <testcase classname="api.testcases.UserTests" name="Test_getUser" time="1.302"/>
  <system-out/>
  <testcase classname="api.testcases.UserTests" name="Test_updateUser" time="1.359"/>
  <system-out/>
  <testcase classname="api.testcases.UserTests" name="Test_deleteUser" time="1.331"/>
  <system-out/>
</testsuite> <!-- api.testcases.UserTests -->
